<?xml version = '1.0' encoding = 'windows-1252' standalone = 'yes'?>
<jazn-data xmlns:xsi="http://www.w3.org/2001/XMLSchema-instance" xsi:noNamespaceSchemaLocation="http://xmlns.oracle.com/oracleas/schema/jazn-data-10_0.xsd" filepath="" OC4J_INSTANCE_ID="">
    <jazn-realm>
        <realm>
            <name>jazn.com</name>
            <users>
                <user>
                    <name>DataBase_User_7_rBpRlrCM3UkbaDYkMn0eG6t5Rwi9mI</name>
                    <credentials>{903}7/rBpRlrCM3UkbaDYkMn0eG6t5Rwi9mI</credentials>
                </user>
                <user>
                    <name>DataBase_User_Ptb0khSzUT2a6sH-44kheyKV8mKPIzQV</name>
                    <credentials>{903}Ptb0khSzUT2a6sH+44kheyKV8mKPIzQV</credentials>
                </user>
            </users>
            <roles/>
        </realm>
    </jazn-realm>
</jazn-data>
